Using pre-set license
Built from '2020.3/release' branch; Version is '2020.3.1f1 (77a89f25062f) revision 7841951'; Using compiler version '192528614'; Build Type 'Release'
OS: 'Windows 10 Pro; OS build 19042.867; Version 2009; 64bit' Language: 'en' Physical Memory: 12171 MB
BatchMode: 1, IsHumanControllingUs: 0, StartBugReporterOnCrash: 0, Is64bit: 1, IsPro: 0

 COMMAND LINE ARGUMENTS:
D:\UnityEditor\2020.3.1f1\Editor\Unity.exe
-adb2
-batchMode
-noUpm
-name
AssetImportWorker0
-projectPath
D:/unity/project/Unity24h/AmazingRunner/AmazingRunner
-logFile
Logs/AssetImportWorker0.log
-srvPort
58643
Successfully changed project path to: D:/unity/project/Unity24h/AmazingRunner/AmazingRunner
D:/unity/project/Unity24h/AmazingRunner/AmazingRunner
Using Asset Import Pipeline V2.
Refreshing native plugins compatible for Editor in 53.54 ms, found 0 plugins.
Preloading 0 native plugins for Editor in 0.00 ms.
Initialize engine version: 2020.3.1f1 (77a89f25062f)
[Subsystems] Discovering subsystems at path D:/UnityEditor/2020.3.1f1/Editor/Data/Resources/UnitySubsystems
[Subsystems] Discovering subsystems at path D:/unity/project/Unity24h/AmazingRunner/AmazingRunner/Assets
GfxDevice: creating device client; threaded=0
Direct3D:
    Version:  Direct3D 11.0 [level 11.0]
    Renderer: NVIDIA GeForce 840M (ID=0x1341)
    Vendor:   
    VRAM:     2020 MB
    Driver:   23.21.13.8857
Initialize mono
Mono path[0] = 'D:/UnityEditor/2020.3.1f1/Editor/Data/Managed'
Mono path[1] = 'D:/UnityEditor/2020.3.1f1/Editor/Data/MonoBleedingEdge/lib/mono/unityjit'
Mono config path = 'D:/UnityEditor/2020.3.1f1/Editor/Data/MonoBleedingEdge/etc'
Using monoOptions --debugger-agent=transport=dt_socket,embedding=1,server=y,suspend=n,address=127.0.0.1:56260
Begin MonoManager ReloadAssembly
Registering precompiled unity dll's ...
Register platform support module: D:/UnityEditor/2020.3.1f1/Editor/Data/PlaybackEngines/WebGLSupport/UnityEditor.WebGL.Extensions.dll
Register platform support module: D:/UnityEditor/2020.3.1f1/Editor/Data/PlaybackEngines/WindowsStandaloneSupport/UnityEditor.WindowsStandalone.Extensions.dll
Registered in 0.015842 seconds.
Native extension for WindowsStandalone target not found
Native extension for WebGL target not found
Refreshing native plugins compatible for Editor in 45.53 ms, found 0 plugins.
Preloading 0 native plugins for Editor in 0.00 ms.
Invoked RoslynAnalysisRunner static constructor.
RoslynAnalysisRunner will not be running.
RoslynAnalysisRunner has terminated.
Mono: successfully reloaded assembly
- Completed reload, in  4.150 seconds
Platform modules already initialized, skipping
Registering precompiled user dll's ...
Registered in 0.002094 seconds.
Begin MonoManager ReloadAssembly
Native extension for WindowsStandalone target not found
Native extension for WebGL target not found
Refreshing native plugins compatible for Editor in 0.31 ms, found 0 plugins.
Preloading 0 native plugins for Editor in 0.00 ms.
Invoked RoslynAnalysisRunner static constructor.
RoslynAnalysisRunner will not be running.
RoslynAnalysisRunner has terminated.
Mono: successfully reloaded assembly
- Completed reload, in  1.560 seconds
Platform modules already initialized, skipping
========================================================================
Worker process is ready to serve import requests
Launched and connected shader compiler UnityShaderCompiler.exe after 0.07 seconds
Refreshing native plugins compatible for Editor in 0.44 ms, found 0 plugins.
Preloading 0 native plugins for Editor in 0.00 ms.
Unloading 1115 Unused Serialized files (Serialized files now loaded: 0)
System memory in use before: 70.4 MB.
System memory in use after: 70.4 MB.

Unloading 10 unused Assets to reduce memory usage. Loaded Objects now: 1575.
Total: 2.652400 ms (FindLiveObjects: 0.375600 ms CreateObjectMapping: 0.081700 ms MarkObjects: 2.028900 ms  DeleteObjects: 0.164200 ms)

========================================================================
Received Import Request.
  path: Assets
  artifactKey: Guid(00000000000000001000000000000000) Importer(815301076,1909f56bfc062723c751e8b465ee728b)
Start importing Assets using Guid(00000000000000001000000000000000) Importer(815301076,1909f56bfc062723c751e8b465ee728b)  -> (artifact id: 'a6374019befeac6ce670f13ba9960efb') in 0.012298 seconds
  Import took 0.017330 seconds .

========================================================================
Received Import Request.
  Time since last request: 0.000484 seconds.
  path: Assets/New Terrain 1.asset
  artifactKey: Guid(4bd505ee367cfda489b1bfea5adfacaa) Importer(815301076,1909f56bfc062723c751e8b465ee728b)
Start importing Assets/New Terrain 1.asset using Guid(4bd505ee367cfda489b1bfea5adfacaa) Importer(815301076,1909f56bfc062723c751e8b465ee728b)  -> (artifact id: '6ec21a62ad809a69b1cc0069d5e5b25d') in 0.067773 seconds
  Import took 0.072518 seconds .

========================================================================
Received Import Request.
  Time since last request: 10.434772 seconds.
  path: Assets/Sybox.mat
  artifactKey: Guid(b110fcacd11eefc4580cc340aeaeb00a) Importer(815301076,1909f56bfc062723c751e8b465ee728b)
Start importing Assets/Sybox.mat using Guid(b110fcacd11eefc4580cc340aeaeb00a) Importer(815301076,1909f56bfc062723c751e8b465ee728b)  -> (artifact id: '9871b66fdedd7c00daef952513b4d139') in 0.163373 seconds
  Import took 0.167905 seconds .

========================================================================
Received Import Request.
  Time since last request: 131.910768 seconds.
  path: Assets/Sybox.mat
  artifactKey: Guid(b110fcacd11eefc4580cc340aeaeb00a) Importer(815301076,1909f56bfc062723c751e8b465ee728b)
Start importing Assets/Sybox.mat using Guid(b110fcacd11eefc4580cc340aeaeb00a) Importer(815301076,1909f56bfc062723c751e8b465ee728b)  -> (artifact id: 'd1e6adc2ef27f57513e9299c676aafc4') in 0.052937 seconds
  Import took 0.058511 seconds .

========================================================================
Received Import Request.
  Time since last request: 1437.369994 seconds.
  path: Assets/controller.cs
  artifactKey: Guid(417d79a5cabfe544082c8d3094c5f8e1) Importer(815301076,1909f56bfc062723c751e8b465ee728b)
Start importing Assets/controller.cs using Guid(417d79a5cabfe544082c8d3094c5f8e1) Importer(815301076,1909f56bfc062723c751e8b465ee728b)  -> (artifact id: '84be7a3b458df79cb6e8cdc400a5f199') in 0.036790 seconds
  Import took 0.041925 seconds .

========================================================================
Received Prepare
Registering precompiled user dll's ...
Registered in 0.002705 seconds.
Begin MonoManager ReloadAssembly
Native extension for WindowsStandalone target not found
Native extension for WebGL target not found
Refreshing native plugins compatible for Editor in 8.18 ms, found 0 plugins.
Preloading 0 native plugins for Editor in 0.00 ms.
Invoked RoslynAnalysisRunner static constructor.
RoslynAnalysisRunner will not be running.
RoslynAnalysisRunner has terminated.
Mono: successfully reloaded assembly
- Completed reload, in  5.971 seconds
Platform modules already initialized, skipping
Refreshing native plugins compatible for Editor in 1.54 ms, found 0 plugins.
Preloading 0 native plugins for Editor in 0.00 ms.
Unloading 1109 Unused Serialized files (Serialized files now loaded: 0)
System memory in use before: 73.5 MB.
System memory in use after: 73.6 MB.

Unloading 5 unused Assets to reduce memory usage. Loaded Objects now: 1619.
Total: 9.254800 ms (FindLiveObjects: 0.353300 ms CreateObjectMapping: 0.236600 ms MarkObjects: 8.509700 ms  DeleteObjects: 0.152200 ms)

========================================================================
Received Prepare
Registering precompiled user dll's ...
Registered in 0.004332 seconds.
Begin MonoManager ReloadAssembly
Native extension for WindowsStandalone target not found
Native extension for WebGL target not found
Refreshing native plugins compatible for Editor in 0.29 ms, found 0 plugins.
Preloading 0 native plugins for Editor in 0.00 ms.
Invoked RoslynAnalysisRunner static constructor.
RoslynAnalysisRunner will not be running.
RoslynAnalysisRunner has terminated.
Mono: successfully reloaded assembly
- Completed reload, in  2.166 seconds
Platform modules already initialized, skipping
Refreshing native plugins compatible for Editor in 0.30 ms, found 0 plugins.
Preloading 0 native plugins for Editor in 0.00 ms.
Unloading 1109 Unused Serialized files (Serialized files now loaded: 0)
System memory in use before: 73.6 MB.
System memory in use after: 73.6 MB.

Unloading 5 unused Assets to reduce memory usage. Loaded Objects now: 1622.
Total: 6.486100 ms (FindLiveObjects: 0.301900 ms CreateObjectMapping: 0.090900 ms MarkObjects: 5.902100 ms  DeleteObjects: 0.188900 ms)

========================================================================
Received Prepare
Registering precompiled user dll's ...
Registered in 0.002169 seconds.
Begin MonoManager ReloadAssembly
Native extension for WindowsStandalone target not found
Native extension for WebGL target not found
Refreshing native plugins compatible for Editor in 0.73 ms, found 0 plugins.
Preloading 0 native plugins for Editor in 0.00 ms.
Invoked RoslynAnalysisRunner static constructor.
RoslynAnalysisRunner will not be running.
RoslynAnalysisRunner has terminated.
Mono: successfully reloaded assembly
- Completed reload, in  1.854 seconds
Platform modules already initialized, skipping
Refreshing native plugins compatible for Editor in 0.29 ms, found 0 plugins.
Preloading 0 native plugins for Editor in 0.00 ms.
Unloading 1109 Unused Serialized files (Serialized files now loaded: 0)
System memory in use before: 73.6 MB.
System memory in use after: 73.7 MB.

Unloading 5 unused Assets to reduce memory usage. Loaded Objects now: 1625.
Total: 2.498400 ms (FindLiveObjects: 0.191800 ms CreateObjectMapping: 0.055900 ms MarkObjects: 2.110900 ms  DeleteObjects: 0.137000 ms)

AssetImportWorkerClient::OnTransportError - code=2 error=End of file
